<?xml version="1.0" encoding="UTF-8" ?>
<testsuite tests="5" failures="1" name="ru.job4j.tracker.StartUITest" time="0.571" errors="0" skipped="0">
  <properties>
[...]
</properties>
  <testcase classname="ru.job4j.tracker.StartUITest" name="whenAddItem" time="0"/>
  <testcase classname="ru.job4j.tracker.StartUITest" name="whenDeleteItem" time="0.005"/>
  <testcase classname="ru.job4j.tracker.StartUITest" name="whenPrtMenu" time="0.566">
    <failure message="
Expected: is &quot;Menu.\r\n0. Stub action\r\n&quot;
     but: was &quot;2020-08-30 12:16:30,947  INFO ru.job4j.tracker.StartUI:init:15 - Started\r\nMenu.\r\n0. Stub action\r\n2020-08-30 12:16:30,973  INFO ru.job4j.tracker.StartUI:init:22 - Finished\r\n&quot;" type="java.lang.AssertionError">java.lang.AssertionError: 
Expected: is &quot;Menu.\r\n0. Stub action\r\n&quot;
     but: was &quot;2020-08-30 12:16:30,947  INFO ru.job4j.tracker.StartUI:init:15 - Started\r\nMenu.\r\n0. Stub action\r\n2020-08-30 12:16:30,973  INFO ru.job4j.tracker.StartUI:init:22 - Finished\r\n&quot;
	at org.hamcrest.MatcherAssert.assertThat(MatcherAssert.java:20)
	at org.junit.Assert.assertThat(Assert.java:956)
	at org.junit.Assert.assertThat(Assert.java:923)
	at ru.job4j.tracker.StartUITest.whenPrtMenu(StartUITest.java:67)
	at java.base/jdk.internal.reflect.NativeMethodAccessorImpl.invoke0(Native Method)
	at java.base/jdk.internal.reflect.NativeMethodAccessorImpl.invoke(NativeMethodAccessorImpl.java:62)
	at java.base/jdk.internal.reflect.DelegatingMethodAccessorImpl.invoke(DelegatingMethodAccessorImpl.java:43)
	at java.base/java.lang.reflect.Method.invoke(Method.java:567)
	at org.junit.runners.model.FrameworkMethod$1.runReflectiveCall(FrameworkMethod.java:50)
	at org.junit.internal.runners.model.ReflectiveCallable.run(ReflectiveCallable.java:12)
	at org.junit.runners.model.FrameworkMethod.invokeExplosively(FrameworkMethod.java:47)
	at org.junit.internal.runners.statements.InvokeMethod.evaluate(InvokeMethod.java:17)
	at org.junit.runners.ParentRunner.runLeaf(ParentRunner.java:325)
	at org.junit.runners.BlockJUnit4ClassRunner.runChild(BlockJUnit4ClassRunner.java:78)
	at org.junit.runners.BlockJUnit4ClassRunner.runChild(BlockJUnit4ClassRunner.java:57)
	at org.junit.runners.ParentRunner$3.run(ParentRunner.java:290)
	at org.junit.runners.ParentRunner$1.schedule(ParentRunner.java:71)
	at org.junit.runners.ParentRunner.runChildren(ParentRunner.java:288)
	at org.junit.runners.ParentRunner.access$000(ParentRunner.java:58)
	at org.junit.runners.ParentRunner$2.evaluate(ParentRunner.java:268)
	at org.junit.runners.ParentRunner.run(ParentRunner.java:363)
	at org.apache.maven.surefire.junit4.JUnit4Provider.execute(JUnit4Provider.java:252)
	at org.apache.maven.surefire.junit4.JUnit4Provider.executeTestSet(JUnit4Provider.java:141)
	at org.apache.maven.surefire.junit4.JUnit4Provider.invoke(JUnit4Provider.java:112)
	at java.base/jdk.internal.reflect.NativeMethodAccessorImpl.invoke0(Native Method)
	at java.base/jdk.internal.reflect.NativeMethodAccessorImpl.invoke(NativeMethodAccessorImpl.java:62)
	at java.base/jdk.internal.reflect.DelegatingMethodAccessorImpl.invoke(DelegatingMethodAccessorImpl.java:43)
	at java.base/java.lang.reflect.Method.invoke(Method.java:567)
	at org.apache.maven.surefire.util.ReflectionUtils.invokeMethodWithArray(ReflectionUtils.java:189)
	at org.apache.maven.surefire.booter.ProviderFactory$ProviderProxy.invoke(ProviderFactory.java:165)
	at org.apache.maven.surefire.booter.ProviderFactory.invokeProvider(ProviderFactory.java:85)
	at org.apache.maven.surefire.booter.ForkedBooter.runSuitesInProcess(ForkedBooter.java:115)
	at org.apache.maven.surefire.booter.ForkedBooter.main(ForkedBooter.java:75)
</failure>
  </testcase>
  <testcase classname="ru.job4j.tracker.StartUITest" name="whenReplaceItem" time="0"/>
  <testcase classname="ru.job4j.tracker.StartUITest" name="whenExit" time="0"/>
</testsuite>